0 info it worked if it ends with ok
1 verbose cli [ '/usr/bin/node', '/usr/bin/npm', 'install' ]
2 info using npm@1.4.28
3 info using node@v0.10.36
4 verbose node symlink /usr/bin/node
5 warn package.json Server@1.0.0 No description
6 warn package.json Server@1.0.0 No repository field.
7 warn package.json Server@1.0.0 No README data
8 verbose readDependencies using package.json deps
9 verbose install where, deps [ '/home/dan/repos/EFHackathon/server',
9 verbose install   [ 'ejs', 'express', 'socket.io' ] ]
10 info preinstall Server@1.0.0
11 verbose readDependencies using package.json deps
12 verbose cache add [ 'ejs@socket.io', null ]
13 verbose cache add name=undefined spec="ejs@socket.io" args=["ejs@socket.io",null]
14 verbose parsed url { protocol: null,
14 verbose parsed url   slashes: null,
14 verbose parsed url   auth: null,
14 verbose parsed url   host: null,
14 verbose parsed url   port: null,
14 verbose parsed url   hostname: null,
14 verbose parsed url   hash: null,
14 verbose parsed url   search: null,
14 verbose parsed url   query: null,
14 verbose parsed url   pathname: 'ejs@socket.io',
14 verbose parsed url   path: 'ejs@socket.io',
14 verbose parsed url   href: 'ejs@socket.io' }
15 verbose cache add [ 'express@^4.11.2', null ]
16 verbose cache add name=undefined spec="express@^4.11.2" args=["express@^4.11.2",null]
17 verbose parsed url { protocol: null,
17 verbose parsed url   slashes: null,
17 verbose parsed url   auth: null,
17 verbose parsed url   host: null,
17 verbose parsed url   port: null,
17 verbose parsed url   hostname: null,
17 verbose parsed url   hash: null,
17 verbose parsed url   search: null,
17 verbose parsed url   query: null,
17 verbose parsed url   pathname: 'express@^4.11.2',
17 verbose parsed url   path: 'express@^4.11.2',
17 verbose parsed url   href: 'express@^4.11.2' }
18 verbose already installed skipping socket.io@^1.3.3 /home/dan/repos/EFHackathon/server
19 verbose cache add name="ejs" spec="socket.io" args=["ejs","socket.io"]
20 verbose parsed url { protocol: null,
20 verbose parsed url   slashes: null,
20 verbose parsed url   auth: null,
20 verbose parsed url   host: null,
20 verbose parsed url   port: null,
20 verbose parsed url   hostname: null,
20 verbose parsed url   hash: null,
20 verbose parsed url   search: null,
20 verbose parsed url   query: null,
20 verbose parsed url   pathname: 'socket.io',
20 verbose parsed url   path: 'socket.io',
20 verbose parsed url   href: 'socket.io' }
21 verbose addNamed [ 'ejs', 'socket.io' ]
22 verbose addNamed [ null, null ]
23 verbose cache add name="express" spec="^4.11.2" args=["express","^4.11.2"]
24 verbose parsed url { protocol: null,
24 verbose parsed url   slashes: null,
24 verbose parsed url   auth: null,
24 verbose parsed url   host: null,
24 verbose parsed url   port: null,
24 verbose parsed url   hostname: null,
24 verbose parsed url   hash: null,
24 verbose parsed url   search: null,
24 verbose parsed url   query: null,
24 verbose parsed url   pathname: '^4.11.2',
24 verbose parsed url   path: '^4.11.2',
24 verbose parsed url   href: '^4.11.2' }
25 verbose addNamed [ 'express', '^4.11.2' ]
26 verbose addNamed [ null, '>=4.11.2-0 <5.0.0-0' ]
27 silly lockFile 2d5247ed-ejs-socket-io ejs@socket.io
28 verbose lock ejs@socket.io /home/dan/.npm/2d5247ed-ejs-socket-io.lock
29 silly lockFile dbea87e7-express-4-11-2 express@^4.11.2
30 verbose lock express@^4.11.2 /home/dan/.npm/dbea87e7-express-4-11-2.lock
31 info addNameTag [ 'ejs', 'socket.io' ]
32 silly addNameRange { name: 'express', range: '>=4.11.2-0 <5.0.0-0', hasData: false }
33 verbose request where is /ejs
34 verbose request registry http://registry.npmjs.org/
35 verbose request id 77d5fd770bbcd357
36 verbose url raw /ejs
37 verbose url resolving [ 'http://registry.npmjs.org/', './ejs' ]
38 verbose url resolved http://registry.npmjs.org/ejs
39 verbose request where is http://registry.npmjs.org/ejs
40 info trying registry request attempt 1 at 20:06:00
41 verbose etag "E2T2PMUE95N5BYDGO0Z4V5S17"
42 http GET http://registry.npmjs.org/ejs
43 verbose request where is /express
44 verbose request registry http://registry.npmjs.org/
45 verbose url raw /express
46 verbose url resolving [ 'http://registry.npmjs.org/', './express' ]
47 verbose url resolved http://registry.npmjs.org/express
48 verbose request where is http://registry.npmjs.org/express
49 info trying registry request attempt 1 at 20:06:00
50 verbose etag "D07QP8BY0EHESQNC82ILRLXUB"
51 http GET http://registry.npmjs.org/express
52 http 304 http://registry.npmjs.org/ejs
53 silly registry.get cb [ 304,
53 silly registry.get   { date: 'Sat, 07 Feb 2015 20:06:00 GMT',
53 silly registry.get     via: '1.1 varnish',
53 silly registry.get     'last-modified': 'Sat, 07 Feb 2015 20:06:00 GMT',
53 silly registry.get     'cache-control': 'max-age=60',
53 silly registry.get     etag: '"E2T2PMUE95N5BYDGO0Z4V5S17"',
53 silly registry.get     age: '58',
53 silly registry.get     connection: 'keep-alive',
53 silly registry.get     'x-served-by': 'cache-fra1221-FRA',
53 silly registry.get     'x-cache': 'HIT',
53 silly registry.get     'x-cache-hits': '1',
53 silly registry.get     'x-timer': 'S1423339560.307654,VS0,VE0',
53 silly registry.get     vary: 'Accept' } ]
54 verbose etag http://registry.npmjs.org/ejs from cache
55 http 304 http://registry.npmjs.org/express
56 silly registry.get cb [ 304,
56 silly registry.get   { date: 'Sat, 07 Feb 2015 20:06:00 GMT',
56 silly registry.get     via: '1.1 varnish',
56 silly registry.get     'last-modified': 'Sat, 07 Feb 2015 20:06:00 GMT',
56 silly registry.get     'cache-control': 'max-age=60',
56 silly registry.get     etag: '"D07QP8BY0EHESQNC82ILRLXUB"',
56 silly registry.get     age: '29',
56 silly registry.get     connection: 'keep-alive',
56 silly registry.get     'x-served-by': 'cache-fra1227-FRA',
56 silly registry.get     'x-cache': 'HIT',
56 silly registry.get     'x-cache-hits': '1',
56 silly registry.get     'x-timer': 'S1423339560.308754,VS0,VE2',
56 silly registry.get     vary: 'Accept' } ]
57 verbose etag http://registry.npmjs.org/express from cache
58 silly lockFile 2d5247ed-ejs-socket-io ejs@socket.io
59 silly lockFile 2d5247ed-ejs-socket-io ejs@socket.io
60 silly addNameRange number 2 { name: 'express', range: '>=4.11.2-0 <5.0.0-0', hasData: true }
61 silly addNameRange versions [ 'express',
61 silly addNameRange   [ '0.14.0',
61 silly addNameRange     '0.14.1',
61 silly addNameRange     '1.0.0',
61 silly addNameRange     '1.0.1',
61 silly addNameRange     '1.0.2',
61 silly addNameRange     '1.0.3',
61 silly addNameRange     '1.0.4',
61 silly addNameRange     '1.0.5',
61 silly addNameRange     '1.0.6',
61 silly addNameRange     '1.0.7',
61 silly addNameRange     '1.0.8',
61 silly addNameRange     '2.0.0',
61 silly addNameRange     '2.1.0',
61 silly addNameRange     '2.1.1',
61 silly addNameRange     '2.2.0',
61 silly addNameRange     '2.2.1',
61 silly addNameRange     '2.2.2',
61 silly addNameRange     '2.3.0',
61 silly addNameRange     '2.3.1',
61 silly addNameRange     '2.3.2',
61 silly addNameRange     '2.3.3',
61 silly addNameRange     '2.3.4',
61 silly addNameRange     '2.3.5',
61 silly addNameRange     '2.3.6',
61 silly addNameRange     '2.3.7',
61 silly addNameRange     '2.3.8',
61 silly addNameRange     '2.3.9',
61 silly addNameRange     '2.3.10',
61 silly addNameRange     '2.3.11',
61 silly addNameRange     '2.3.12',
61 silly addNameRange     '2.4.0',
61 silly addNameRange     '2.4.1',
61 silly addNameRange     '2.4.2',
61 silly addNameRange     '2.4.3',
61 silly addNameRange     '2.4.4',
61 silly addNameRange     '2.4.5',
61 silly addNameRange     '2.4.6',
61 silly addNameRange     '2.4.7',
61 silly addNameRange     '2.5.0',
61 silly addNameRange     '2.5.1',
61 silly addNameRange     '2.5.2',
61 silly addNameRange     '2.5.3',
61 silly addNameRange     '2.5.4',
61 silly addNameRange     '2.5.5',
61 silly addNameRange     '2.5.6',
61 silly addNameRange     '2.5.7',
61 silly addNameRange     '2.5.8',
61 silly addNameRange     '2.5.9',
61 silly addNameRange     '2.5.10',
61 silly addNameRange     '2.5.11',
61 silly addNameRange     '3.0.0',
61 silly addNameRange     '3.0.1',
61 silly addNameRange     '3.0.2',
61 silly addNameRange     '3.0.3',
61 silly addNameRange     '3.0.4',
61 silly addNameRange     '3.0.5',
61 silly addNameRange     '3.0.6',
61 silly addNameRange     '3.1.0',
61 silly addNameRange     '3.1.1',
61 silly addNameRange     '3.1.2',
61 silly addNameRange     '3.2.0',
61 silly addNameRange     '3.2.1',
61 silly addNameRange     '3.2.2',
61 silly addNameRange     '3.2.3',
61 silly addNameRange     '3.2.4',
61 silly addNameRange     '3.2.5',
61 silly addNameRange     '3.2.6',
61 silly addNameRange     '3.3.0',
61 silly addNameRange     '3.3.1',
61 silly addNameRange     '3.3.2',
61 silly addNameRange     '3.3.3',
61 silly addNameRange     '3.3.4',
61 silly addNameRange     '3.3.5',
61 silly addNameRange     '3.3.6',
61 silly addNameRange     '1.0.0-beta',
61 silly addNameRange     '1.0.0-beta2',
61 silly addNameRange     '1.0.0-rc',
61 silly addNameRange     '1.0.0-rc2',
61 silly addNameRange     '1.0.0-rc3',
61 silly addNameRange     '1.0.0-rc4',
61 silly addNameRange     '2.0.0-beta',
61 silly addNameRange     '2.0.0-beta2',
61 silly addNameRange     '2.0.0-beta3',
61 silly addNameRange     '2.0.0-rc',
61 silly addNameRange     '2.0.0-rc2',
61 silly addNameRange     '2.0.0-rc3',
61 silly addNameRange     '3.0.0-alpha1',
61 silly addNameRange     '3.0.0-alpha2',
61 silly addNameRange     '3.0.0-alpha3',
61 silly addNameRange     '3.0.0-alpha4',
61 silly addNameRange     '3.0.0-alpha5',
61 silly addNameRange     '3.0.0-beta1',
61 silly addNameRange     '3.0.0-beta2',
61 silly addNameRange     '3.0.0-beta3',
61 silly addNameRange     '3.0.0-beta4',
61 silly addNameRange     '3.0.0-beta6',
61 silly addNameRange     '3.0.0-beta7',
61 silly addNameRange     '3.0.0-rc1',
61 silly addNameRange     '3.0.0-rc2',
61 silly addNameRange     '3.0.0-rc3',
61 silly addNameRange     '3.0.0-rc4',
61 silly addNameRange     '3.0.0-rc5',
61 silly addNameRange     '3.3.7',
61 silly addNameRange     '3.3.8',
61 silly addNameRange     '3.4.0',
61 silly addNameRange     '3.4.1',
61 silly addNameRange     '3.4.2',
61 silly addNameRange     '3.4.3',
61 silly addNameRange     '3.4.4',
61 silly addNameRange     '3.4.5',
61 silly addNameRange     '3.4.6',
61 silly addNameRange     '3.4.7',
61 silly addNameRange     '3.4.8',
61 silly addNameRange     '4.0.0-rc1',
61 silly addNameRange     '4.0.0-rc2',
61 silly addNameRange     '3.5.0',
61 silly addNameRange     '4.0.0-rc3',
61 silly addNameRange     '4.0.0-rc4',
61 silly addNameRange     '3.5.1',
61 silly addNameRange     '4.0.0',
61 silly addNameRange     '3.5.2',
61 silly addNameRange     '4.1.0',
61 silly addNameRange     '4.1.1',
61 silly addNameRange     '3.5.3',
61 silly addNameRange     '4.1.2',
61 silly addNameRange     '3.6.0',
61 silly addNameRange     '4.2.0',
61 silly addNameRange     '3.7.0',
61 silly addNameRange     '3.8.0',
61 silly addNameRange     '4.3.0',
61 silly addNameRange     '4.3.1',
61 silly addNameRange     '3.8.1',
61 silly addNameRange     '4.3.2',
61 silly addNameRange     '3.9.0',
61 silly addNameRange     '4.4.0',
61 silly addNameRange     '4.4.1',
61 silly addNameRange     '3.10.0',
61 silly addNameRange     '3.10.1',
61 silly addNameRange     '3.10.2',
61 silly addNameRange     '3.10.3',
61 silly addNameRange     '3.10.4',
61 silly addNameRange     '4.4.2',
61 silly addNameRange     '3.10.5',
61 silly addNameRange     '4.4.3',
61 silly addNameRange     '3.11.0',
61 silly addNameRange     '4.4.4',
61 silly addNameRange     '3.12.0',
61 silly addNameRange     '3.12.1',
61 silly addNameRange     '4.4.5',
61 silly addNameRange     '3.13.0',
61 silly addNameRange     '4.5.0',
61 silly addNameRange     '4.5.1',
61 silly addNameRange     '3.14.0',
61 silly addNameRange     '4.6.0',
61 silly addNameRange     '4.6.1',
61 silly addNameRange     '3.15.0',
61 silly addNameRange     '4.7.0',
61 silly addNameRange     '3.15.1',
61 silly addNameRange     '4.7.1',
61 silly addNameRange     '3.15.2',
61 silly addNameRange     '4.7.2',
61 silly addNameRange     '4.7.3',
61 silly addNameRange     '3.15.3',
61 silly addNameRange     '4.7.4',
61 silly addNameRange     '3.16.0',
61 silly addNameRange     '4.8.0',
61 silly addNameRange     '3.16.1',
61 silly addNameRange     '4.8.1',
61 silly addNameRange     '3.16.2',
61 silly addNameRange     '4.8.2',
61 silly addNameRange     '3.16.3',
61 silly addNameRange     '3.16.4',
61 silly addNameRange     '4.8.3',
61 silly addNameRange     '3.16.5',
61 silly addNameRange     '3.16.6',
61 silly addNameRange     '4.8.4',
61 silly addNameRange     '3.16.7',
61 silly addNameRange     '4.8.5',
61 silly addNameRange     '3.16.8',
61 silly addNameRange     '4.8.6',
61 silly addNameRange     '3.16.9',
61 silly addNameRange     '4.8.7',
61 silly addNameRange     '3.16.10',
61 silly addNameRange     '4.8.8',
61 silly addNameRange     '3.17.0',
61 silly addNameRange     '3.17.1',
61 silly addNameRange     '4.9.0',
61 silly addNameRange     '3.17.2',
61 silly addNameRange     '4.9.1',
61 silly addNameRange     '4.9.2',
61 silly addNameRange     '3.17.3',
61 silly addNameRange     '4.9.3',
61 silly addNameRange     '3.17.4',
61 silly addNameRange     '4.9.4',
61 silly addNameRange     '3.17.5',
61 silly addNameRange     '4.9.5',
61 silly addNameRange     '3.17.6',
61 silly addNameRange     '3.17.7',
61 silly addNameRange     '4.9.6',
61 silly addNameRange     '4.9.7',
61 silly addNameRange     '3.17.8',
61 silly addNameRange     '4.9.8',
61 silly addNameRange     '3.18.0',
61 silly addNameRange     '3.18.1',
61 silly addNameRange     '4.10.0',
61 silly addNameRange     '3.18.2',
61 silly addNameRange     '4.10.1',
61 silly addNameRange     '5.0.0-alpha.1',
61 silly addNameRange     '3.18.3',
61 silly addNameRange     '4.10.2',
61 silly addNameRange     '3.18.4',
61 silly addNameRange     '4.10.3',
61 silly addNameRange     '4.10.4',
61 silly addNameRange     '4.10.5',
61 silly addNameRange     '3.18.5',
61 silly addNameRange     '3.18.6',
61 silly addNameRange     '4.10.6',
61 silly addNameRange     '4.10.7',
61 silly addNameRange     '3.19.0',
61 silly addNameRange     '4.10.8',
61 silly addNameRange     '4.11.0',
61 silly addNameRange     '3.19.1',
61 silly addNameRange     '4.11.1',
61 silly addNameRange     '3.19.2',
61 silly addNameRange     '4.11.2' ] ]
62 verbose addNamed [ 'express', '4.11.2' ]
63 verbose addNamed [ '4.11.2', '4.11.2' ]
64 silly lockFile 69e74cc8-express-4-11-2 express@4.11.2
65 verbose lock express@4.11.2 /home/dan/.npm/69e74cc8-express-4-11-2.lock
66 silly lockFile 69e74cc8-express-4-11-2 express@4.11.2
67 silly lockFile 69e74cc8-express-4-11-2 express@4.11.2
68 silly lockFile dbea87e7-express-4-11-2 express@^4.11.2
69 silly lockFile dbea87e7-express-4-11-2 express@^4.11.2
70 error notarget No compatible version found: ejs@'socket.io'
70 error notarget Valid install targets:
70 error notarget ["0.0.1","0.0.2","0.0.3","0.0.4","0.1.0","0.2.0","0.2.1","0.3.0","0.3.1","0.4.0","0.4.1","0.4.2","0.4.3","0.5.0","0.6.0","0.6.1","0.7.0","0.7.1","0.7.2","0.8.0","0.8.1","0.8.2","0.8.3","0.8.4","0.8.5","0.8.6","0.8.8","1.0.0","2.0.2","2.0.3","2.0.4","2.0.5","2.0.6","2.0.7","2.0.8","2.1.1","2.1.2","2.1.3","2.1.4","2.2.1","2.2.2","2.2.3","2.2.4"]
70 error notarget
70 error notarget This is most likely not a problem with npm itself.
70 error notarget In most cases you or one of your dependencies are requesting
70 error notarget a package version that doesn't exist.
71 error System Linux 3.13.0-32-generic
72 error command "/usr/bin/node" "/usr/bin/npm" "install"
73 error cwd /home/dan/repos/EFHackathon/server
74 error node -v v0.10.36
75 error npm -v 1.4.28
76 error code ETARGET
77 verbose exit [ 1, true ]
