0 info it worked if it ends with ok
1 verbose cli [ '/usr/bin/node', '/usr/bin/npm', 'install' ]
2 info using npm@1.4.28
3 info using node@v0.10.36
4 verbose node symlink /usr/bin/node
5 warn package.json Server@1.0.0 No description
6 warn package.json Server@1.0.0 No repository field.
7 warn package.json Server@1.0.0 No README data
8 verbose readDependencies using package.json deps
9 verbose install where, deps [ '/home/claudiu/workspace/EFHackathon/server',
9 verbose install   [ 'ejs', 'express', 'mongoose', 'socket.io', 'node-uuid' ] ]
10 info preinstall Server@1.0.0
11 verbose readDependencies using package.json deps
12 verbose cache add [ 'ejs@*', null ]
13 verbose cache add name=undefined spec="ejs@*" args=["ejs@*",null]
14 verbose parsed url { protocol: null,
14 verbose parsed url   slashes: null,
14 verbose parsed url   auth: null,
14 verbose parsed url   host: null,
14 verbose parsed url   port: null,
14 verbose parsed url   hostname: null,
14 verbose parsed url   hash: null,
14 verbose parsed url   search: null,
14 verbose parsed url   query: null,
14 verbose parsed url   pathname: 'ejs@*',
14 verbose parsed url   path: 'ejs@*',
14 verbose parsed url   href: 'ejs@*' }
15 verbose cache add [ 'express@^4.11.2', null ]
16 verbose cache add name=undefined spec="express@^4.11.2" args=["express@^4.11.2",null]
17 verbose parsed url { protocol: null,
17 verbose parsed url   slashes: null,
17 verbose parsed url   auth: null,
17 verbose parsed url   host: null,
17 verbose parsed url   port: null,
17 verbose parsed url   hostname: null,
17 verbose parsed url   hash: null,
17 verbose parsed url   search: null,
17 verbose parsed url   query: null,
17 verbose parsed url   pathname: 'express@^4.11.2',
17 verbose parsed url   path: 'express@^4.11.2',
17 verbose parsed url   href: 'express@^4.11.2' }
18 verbose cache add [ 'mongoose@^3.8.23', null ]
19 verbose cache add name=undefined spec="mongoose@^3.8.23" args=["mongoose@^3.8.23",null]
20 verbose parsed url { protocol: null,
20 verbose parsed url   slashes: null,
20 verbose parsed url   auth: null,
20 verbose parsed url   host: null,
20 verbose parsed url   port: null,
20 verbose parsed url   hostname: null,
20 verbose parsed url   hash: null,
20 verbose parsed url   search: null,
20 verbose parsed url   query: null,
20 verbose parsed url   pathname: 'mongoose@^3.8.23',
20 verbose parsed url   path: 'mongoose@^3.8.23',
20 verbose parsed url   href: 'mongoose@^3.8.23' }
21 verbose cache add [ 'socket.io@^1.3.3', null ]
22 verbose cache add name=undefined spec="socket.io@^1.3.3" args=["socket.io@^1.3.3",null]
23 verbose parsed url { protocol: null,
23 verbose parsed url   slashes: null,
23 verbose parsed url   auth: null,
23 verbose parsed url   host: null,
23 verbose parsed url   port: null,
23 verbose parsed url   hostname: null,
23 verbose parsed url   hash: null,
23 verbose parsed url   search: null,
23 verbose parsed url   query: null,
23 verbose parsed url   pathname: 'socket.io@^1.3.3',
23 verbose parsed url   path: 'socket.io@^1.3.3',
23 verbose parsed url   href: 'socket.io@^1.3.3' }
24 verbose cache add name="ejs" spec="*" args=["ejs","*"]
25 verbose parsed url { protocol: null,
25 verbose parsed url   slashes: null,
25 verbose parsed url   auth: null,
25 verbose parsed url   host: null,
25 verbose parsed url   port: null,
25 verbose parsed url   hostname: null,
25 verbose parsed url   hash: null,
25 verbose parsed url   search: null,
25 verbose parsed url   query: null,
25 verbose parsed url   pathname: '*',
25 verbose parsed url   path: '*',
25 verbose parsed url   href: '*' }
26 verbose addNamed [ 'ejs', '*' ]
27 verbose addNamed [ null, '*' ]
28 verbose cache add name="express" spec="^4.11.2" args=["express","^4.11.2"]
29 verbose parsed url { protocol: null,
29 verbose parsed url   slashes: null,
29 verbose parsed url   auth: null,
29 verbose parsed url   host: null,
29 verbose parsed url   port: null,
29 verbose parsed url   hostname: null,
29 verbose parsed url   hash: null,
29 verbose parsed url   search: null,
29 verbose parsed url   query: null,
29 verbose parsed url   pathname: '^4.11.2',
29 verbose parsed url   path: '^4.11.2',
29 verbose parsed url   href: '^4.11.2' }
30 verbose addNamed [ 'express', '^4.11.2' ]
31 verbose addNamed [ null, '>=4.11.2-0 <5.0.0-0' ]
32 verbose cache add name="mongoose" spec="^3.8.23" args=["mongoose","^3.8.23"]
33 verbose parsed url { protocol: null,
33 verbose parsed url   slashes: null,
33 verbose parsed url   auth: null,
33 verbose parsed url   host: null,
33 verbose parsed url   port: null,
33 verbose parsed url   hostname: null,
33 verbose parsed url   hash: null,
33 verbose parsed url   search: null,
33 verbose parsed url   query: null,
33 verbose parsed url   pathname: '^3.8.23',
33 verbose parsed url   path: '^3.8.23',
33 verbose parsed url   href: '^3.8.23' }
34 verbose addNamed [ 'mongoose', '^3.8.23' ]
35 verbose addNamed [ null, '>=3.8.23-0 <4.0.0-0' ]
36 verbose cache add [ 'node-uuid@*', null ]
37 verbose cache add name=undefined spec="node-uuid@*" args=["node-uuid@*",null]
38 verbose parsed url { protocol: null,
38 verbose parsed url   slashes: null,
38 verbose parsed url   auth: null,
38 verbose parsed url   host: null,
38 verbose parsed url   port: null,
38 verbose parsed url   hostname: null,
38 verbose parsed url   hash: null,
38 verbose parsed url   search: null,
38 verbose parsed url   query: null,
38 verbose parsed url   pathname: 'node-uuid@*',
38 verbose parsed url   path: 'node-uuid@*',
38 verbose parsed url   href: 'node-uuid@*' }
39 verbose cache add name="socket.io" spec="^1.3.3" args=["socket.io","^1.3.3"]
40 verbose parsed url { protocol: null,
40 verbose parsed url   slashes: null,
40 verbose parsed url   auth: null,
40 verbose parsed url   host: null,
40 verbose parsed url   port: null,
40 verbose parsed url   hostname: null,
40 verbose parsed url   hash: null,
40 verbose parsed url   search: null,
40 verbose parsed url   query: null,
40 verbose parsed url   pathname: '^1.3.3',
40 verbose parsed url   path: '^1.3.3',
40 verbose parsed url   href: '^1.3.3' }
41 verbose addNamed [ 'socket.io', '^1.3.3' ]
42 verbose addNamed [ null, '>=1.3.3-0 <2.0.0-0' ]
43 silly lockFile 9d73ed50-ejs ejs@*
44 verbose lock ejs@* /home/claudiu/.npm/9d73ed50-ejs.lock
45 silly lockFile dbea87e7-express-4-11-2 express@^4.11.2
46 verbose lock express@^4.11.2 /home/claudiu/.npm/dbea87e7-express-4-11-2.lock
47 silly lockFile 74467816-mongoose-3-8-23 mongoose@^3.8.23
48 verbose lock mongoose@^3.8.23 /home/claudiu/.npm/74467816-mongoose-3-8-23.lock
49 silly lockFile 16246c1d-socket-io-1-3-3 socket.io@^1.3.3
50 verbose lock socket.io@^1.3.3 /home/claudiu/.npm/16246c1d-socket-io-1-3-3.lock
51 verbose cache add name="node-uuid" spec="*" args=["node-uuid","*"]
52 verbose parsed url { protocol: null,
52 verbose parsed url   slashes: null,
52 verbose parsed url   auth: null,
52 verbose parsed url   host: null,
52 verbose parsed url   port: null,
52 verbose parsed url   hostname: null,
52 verbose parsed url   hash: null,
52 verbose parsed url   search: null,
52 verbose parsed url   query: null,
52 verbose parsed url   pathname: '*',
52 verbose parsed url   path: '*',
52 verbose parsed url   href: '*' }
53 verbose addNamed [ 'node-uuid', '*' ]
54 verbose addNamed [ null, '*' ]
55 silly lockFile 31e1e91b-node-uuid node-uuid@*
56 verbose lock node-uuid@* /home/claudiu/.npm/31e1e91b-node-uuid.lock
57 silly addNameRange { name: 'ejs', range: '*', hasData: false }
58 silly addNameRange { name: 'express', range: '>=4.11.2-0 <5.0.0-0', hasData: false }
59 silly addNameRange { name: 'mongoose',
59 silly addNameRange   range: '>=3.8.23-0 <4.0.0-0',
59 silly addNameRange   hasData: false }
60 silly addNameRange { name: 'socket.io',
60 silly addNameRange   range: '>=1.3.3-0 <2.0.0-0',
60 silly addNameRange   hasData: false }
61 silly addNameRange { name: 'node-uuid', range: '*', hasData: false }
62 verbose request where is /node-uuid
63 verbose request registry https://registry.npmjs.org/
64 verbose request id 2d4bc110b3b69419
65 verbose url raw /node-uuid
66 verbose url resolving [ 'https://registry.npmjs.org/', './node-uuid' ]
67 verbose url resolved https://registry.npmjs.org/node-uuid
68 verbose request where is https://registry.npmjs.org/node-uuid
69 info trying registry request attempt 1 at 21:18:05
70 verbose etag "7CYTWBYHUEF9XNE97YMTO92ZP"
71 http GET https://registry.npmjs.org/node-uuid
72 verbose request where is /ejs
73 verbose request registry https://registry.npmjs.org/
74 verbose url raw /ejs
75 verbose url resolving [ 'https://registry.npmjs.org/', './ejs' ]
76 verbose url resolved https://registry.npmjs.org/ejs
77 verbose request where is https://registry.npmjs.org/ejs
78 info trying registry request attempt 1 at 21:18:05
79 verbose etag "E2T2PMUE95N5BYDGO0Z4V5S17"
80 http GET https://registry.npmjs.org/ejs
81 verbose request where is /socket.io
82 verbose request registry https://registry.npmjs.org/
83 verbose url raw /socket.io
84 verbose url resolving [ 'https://registry.npmjs.org/', './socket.io' ]
85 verbose url resolved https://registry.npmjs.org/socket.io
86 verbose request where is https://registry.npmjs.org/socket.io
87 info trying registry request attempt 1 at 21:18:05
88 verbose etag "7Q7SX1G0SHAJ9LCSDLK2GA7GG"
89 http GET https://registry.npmjs.org/socket.io
90 verbose request where is /mongoose
91 verbose request registry https://registry.npmjs.org/
92 verbose url raw /mongoose
93 verbose url resolving [ 'https://registry.npmjs.org/', './mongoose' ]
94 verbose url resolved https://registry.npmjs.org/mongoose
95 verbose request where is https://registry.npmjs.org/mongoose
96 info trying registry request attempt 1 at 21:18:05
97 verbose etag "69FQY2UJO7IO2S9TX6MZVVQO1"
98 http GET https://registry.npmjs.org/mongoose
99 verbose request where is /express
100 verbose request registry https://registry.npmjs.org/
101 verbose url raw /express
102 verbose url resolving [ 'https://registry.npmjs.org/', './express' ]
103 verbose url resolved https://registry.npmjs.org/express
104 verbose request where is https://registry.npmjs.org/express
105 info trying registry request attempt 1 at 21:18:05
106 verbose etag "C5034ZBSS1XHDCINAQT395D5W"
107 http GET https://registry.npmjs.org/express
108 http 304 https://registry.npmjs.org/node-uuid
109 silly registry.get cb [ 304,
109 silly registry.get   { date: 'Sat, 07 Feb 2015 21:18:05 GMT',
109 silly registry.get     server: 'Apache',
109 silly registry.get     via: '1.1 varnish',
109 silly registry.get     'last-modified': 'Sat, 07 Feb 2015 21:18:05 GMT',
109 silly registry.get     'cache-control': 'max-age=60',
109 silly registry.get     etag: '"7CYTWBYHUEF9XNE97YMTO92ZP"',
109 silly registry.get     age: '43',
109 silly registry.get     'x-served-by': 'cache-ams4131-AMS',
109 silly registry.get     'x-cache': 'HIT',
109 silly registry.get     'x-cache-hits': '1',
109 silly registry.get     'x-timer': 'S1423343885.740759,VS0,VE0',
109 silly registry.get     vary: 'Accept',
109 silly registry.get     'content-length': '0',
109 silly registry.get     'keep-alive': 'timeout=10, max=50',
109 silly registry.get     connection: 'Keep-Alive' } ]
110 verbose etag https://registry.npmjs.org/node-uuid from cache
111 silly addNameRange number 2 { name: 'node-uuid', range: '*', hasData: true }
112 silly addNameRange versions [ 'node-uuid',
112 silly addNameRange   [ '1.2.0',
112 silly addNameRange     '1.3.0',
112 silly addNameRange     '1.3.1',
112 silly addNameRange     '1.3.2',
112 silly addNameRange     '1.1.0',
112 silly addNameRange     '1.0.0',
112 silly addNameRange     '1.3.3',
112 silly addNameRange     '1.4.0',
112 silly addNameRange     '1.4.1',
112 silly addNameRange     '1.4.2' ] ]
113 verbose addNamed [ 'node-uuid', '1.4.2' ]
114 verbose addNamed [ '1.4.2', '1.4.2' ]
115 silly lockFile 576d32ce-node-uuid-1-4-2 node-uuid@1.4.2
116 verbose lock node-uuid@1.4.2 /home/claudiu/.npm/576d32ce-node-uuid-1-4-2.lock
117 silly lockFile 576d32ce-node-uuid-1-4-2 node-uuid@1.4.2
118 silly lockFile 576d32ce-node-uuid-1-4-2 node-uuid@1.4.2
119 silly lockFile 31e1e91b-node-uuid node-uuid@*
120 silly lockFile 31e1e91b-node-uuid node-uuid@*
121 http 200 https://registry.npmjs.org/socket.io
122 silly registry.get cb [ 200,
122 silly registry.get   { date: 'Sat, 07 Feb 2015 21:18:05 GMT',
122 silly registry.get     server: 'CouchDB/1.5.0 (Erlang OTP/R16B03)',
122 silly registry.get     etag: '"4Q2NZYLBBNCB32U4GJTGULRH3"',
122 silly registry.get     'content-type': 'application/json',
122 silly registry.get     'cache-control': 'max-age=60',
122 silly registry.get     'content-length': '109141',
122 silly registry.get     'accept-ranges': 'bytes',
122 silly registry.get     via: '1.1 varnish',
122 silly registry.get     age: '19',
122 silly registry.get     'x-served-by': 'cache-lcy1123-LCY',
122 silly registry.get     'x-cache': 'HIT',
122 silly registry.get     'x-cache-hits': '1',
122 silly registry.get     'x-timer': 'S1423343885.737138,VS0,VE0',
122 silly registry.get     vary: 'Accept',
122 silly registry.get     'keep-alive': 'timeout=10, max=50',
122 silly registry.get     connection: 'Keep-Alive' } ]
123 silly addNameRange number 2 { name: 'socket.io', range: '>=1.3.3-0 <2.0.0-0', hasData: true }
124 silly addNameRange versions [ 'socket.io',
124 silly addNameRange   [ '0.3.8',
124 silly addNameRange     '0.4.0',
124 silly addNameRange     '0.4.1',
124 silly addNameRange     '0.5.1',
124 silly addNameRange     '0.5.3',
124 silly addNameRange     '0.6.0',
124 silly addNameRange     '0.6.1',
124 silly addNameRange     '0.6.3',
124 silly addNameRange     '0.6.4',
124 silly addNameRange     '0.6.5',
124 silly addNameRange     '0.6.6',
124 silly addNameRange     '0.6.7',
124 silly addNameRange     '0.6.8',
124 silly addNameRange     '0.6.9',
124 silly addNameRange     '0.6.10',
124 silly addNameRange     '0.6.11',
124 silly addNameRange     '0.6.12',
124 silly addNameRange     '0.6.14',
124 silly addNameRange     '0.6.15',
124 silly addNameRange     '0.6.16',
124 silly addNameRange     '0.6.17',
124 silly addNameRange     '0.6.18',
124 silly addNameRange     '0.7.0',
124 silly addNameRange     '0.7.1',
124 silly addNameRange     '0.7.2',
124 silly addNameRange     '0.7.3',
124 silly addNameRange     '0.7.4',
124 silly addNameRange     '0.7.5',
124 silly addNameRange     '0.7.6',
124 silly addNameRange     '0.7.7',
124 silly addNameRange     '0.7.8',
124 silly addNameRange     '0.7.9',
124 silly addNameRange     '0.7.10',
124 silly addNameRange     '0.7.11',
124 silly addNameRange     '0.8.0',
124 silly addNameRange     '0.8.1',
124 silly addNameRange     '0.8.2',
124 silly addNameRange     '0.8.3',
124 silly addNameRange     '0.8.4',
124 silly addNameRange     '0.8.5',
124 silly addNameRange     '0.8.6',
124 silly addNameRange     '0.8.7',
124 silly addNameRange     '0.9.0',
124 silly addNameRange     '0.9.1',
124 silly addNameRange     '0.9.1-1',
124 silly addNameRange     '0.9.2',
124 silly addNameRange     '0.9.3',
124 silly addNameRange     '0.9.4',
124 silly addNameRange     '0.9.5',
124 silly addNameRange     '0.9.6',
124 silly addNameRange     '0.9.7',
124 silly addNameRange     '0.9.8',
124 silly addNameRange     '0.9.9',
124 silly addNameRange     '0.9.10',
124 silly addNameRange     '0.9.11',
124 silly addNameRange     '0.9.12',
124 silly addNameRange     '0.9.13',
124 silly addNameRange     '0.9.14',
124 silly addNameRange     '0.9.15',
124 silly addNameRange     '0.9.16',
124 silly addNameRange     '1.0.0-pre',
124 silly addNameRange     '1.0.0-pre2',
124 silly addNameRange     '1.0.0-pre3',
124 silly addNameRange     '1.0.0-pre4',
124 silly addNameRange     '1.0.0-pre5',
124 silly addNameRange     '0.9.17',
124 silly addNameRange     '1.0.0',
124 silly addNameRange     '1.0.1',
124 silly addNameRange     '1.0.2',
124 silly addNameRange     '1.0.3',
124 silly addNameRange     '1.0.4',
124 silly addNameRange     '1.0.5',
124 silly addNameRange     '1.0.6',
124 silly addNameRange     '1.1.0',
124 silly addNameRange     '1.2.0',
124 silly addNameRange     '1.2.1',
124 silly addNameRange     '1.3.0',
124 silly addNameRange     '1.3.1',
124 silly addNameRange     '1.3.2',
124 silly addNameRange     '1.3.3' ] ]
125 verbose addNamed [ 'socket.io', '1.3.3' ]
126 verbose addNamed [ '1.3.3', '1.3.3' ]
127 silly lockFile f25d1c30-socket-io-1-3-3 socket.io@1.3.3
128 verbose lock socket.io@1.3.3 /home/claudiu/.npm/f25d1c30-socket-io-1-3-3.lock
129 silly lockFile 6533713e-rg-socket-io-socket-io-1-3-3-tgz https://registry.npmjs.org/socket.io/-/socket.io-1.3.3.tgz
130 verbose lock https://registry.npmjs.org/socket.io/-/socket.io-1.3.3.tgz /home/claudiu/.npm/6533713e-rg-socket-io-socket-io-1-3-3-tgz.lock
131 verbose addRemoteTarball [ 'https://registry.npmjs.org/socket.io/-/socket.io-1.3.3.tgz',
131 verbose addRemoteTarball   '2a1b62bf3a0205488d3a19573b53648262770f2b' ]
132 info retry fetch attempt 1 at 21:18:05
133 verbose fetch to= /tmp/npm-8094-iOpBjjd4/registry.npmjs.org/socket.io/-/socket.io-1.3.3.tgz
134 http GET https://registry.npmjs.org/socket.io/-/socket.io-1.3.3.tgz
135 http 200 https://registry.npmjs.org/ejs
136 silly registry.get cb [ 200,
136 silly registry.get   { date: 'Sat, 07 Feb 2015 21:18:05 GMT',
136 silly registry.get     server: 'CouchDB/1.5.0 (Erlang OTP/R16B03)',
136 silly registry.get     etag: '"5GPNQTTE2XB2NM83T37J14ZQ1"',
136 silly registry.get     'content-type': 'application/json',
136 silly registry.get     'cache-control': 'max-age=60',
136 silly registry.get     'content-length': '43239',
136 silly registry.get     'accept-ranges': 'bytes',
136 silly registry.get     via: '1.1 varnish',
136 silly registry.get     age: '0',
136 silly registry.get     'x-served-by': 'cache-ams4129-AMS',
136 silly registry.get     'x-cache': 'HIT',
136 silly registry.get     'x-cache-hits': '1',
136 silly registry.get     'x-timer': 'S1423343885.743620,VS0,VE160',
136 silly registry.get     vary: 'Accept',
136 silly registry.get     'keep-alive': 'timeout=10, max=50',
136 silly registry.get     connection: 'Keep-Alive' } ]
137 silly addNameRange number 2 { name: 'ejs', range: '*', hasData: true }
138 silly addNameRange versions [ 'ejs',
138 silly addNameRange   [ '0.0.1',
138 silly addNameRange     '0.0.2',
138 silly addNameRange     '0.0.3',
138 silly addNameRange     '0.0.4',
138 silly addNameRange     '0.1.0',
138 silly addNameRange     '0.2.0',
138 silly addNameRange     '0.2.1',
138 silly addNameRange     '0.3.0',
138 silly addNameRange     '0.3.1',
138 silly addNameRange     '0.4.0',
138 silly addNameRange     '0.4.1',
138 silly addNameRange     '0.4.2',
138 silly addNameRange     '0.4.3',
138 silly addNameRange     '0.5.0',
138 silly addNameRange     '0.6.0',
138 silly addNameRange     '0.6.1',
138 silly addNameRange     '0.7.0',
138 silly addNameRange     '0.7.1',
138 silly addNameRange     '0.7.2',
138 silly addNameRange     '0.8.0',
138 silly addNameRange     '0.8.1',
138 silly addNameRange     '0.8.2',
138 silly addNameRange     '0.8.3',
138 silly addNameRange     '0.8.4',
138 silly addNameRange     '0.8.5',
138 silly addNameRange     '0.8.6',
138 silly addNameRange     '0.8.8',
138 silly addNameRange     '1.0.0',
138 silly addNameRange     '2.0.2',
138 silly addNameRange     '2.0.3',
138 silly addNameRange     '2.0.4',
138 silly addNameRange     '2.0.5',
138 silly addNameRange     '2.0.6',
138 silly addNameRange     '2.0.7',
138 silly addNameRange     '2.0.8',
138 silly addNameRange     '2.1.1',
138 silly addNameRange     '2.1.2',
138 silly addNameRange     '2.1.3',
138 silly addNameRange     '2.1.4',
138 silly addNameRange     '2.2.1',
138 silly addNameRange     '2.2.2',
138 silly addNameRange     '2.2.3',
138 silly addNameRange     '2.2.4' ] ]
139 verbose addNamed [ 'ejs', '2.2.4' ]
140 verbose addNamed [ '2.2.4', '2.2.4' ]
141 silly lockFile d1128264-ejs-2-2-4 ejs@2.2.4
142 verbose lock ejs@2.2.4 /home/claudiu/.npm/d1128264-ejs-2-2-4.lock
143 silly lockFile d1128264-ejs-2-2-4 ejs@2.2.4
144 silly lockFile d1128264-ejs-2-2-4 ejs@2.2.4
145 silly lockFile 9d73ed50-ejs ejs@*
146 silly lockFile 9d73ed50-ejs ejs@*
147 http 200 https://registry.npmjs.org/express
148 silly registry.get cb [ 200,
148 silly registry.get   { date: 'Sat, 07 Feb 2015 21:18:05 GMT',
148 silly registry.get     server: 'CouchDB/1.5.0 (Erlang OTP/R16B03)',
148 silly registry.get     etag: '"D07QP8BY0EHESQNC82ILRLXUB"',
148 silly registry.get     'content-type': 'application/json',
148 silly registry.get     'cache-control': 'max-age=60',
148 silly registry.get     'content-length': '469619',
148 silly registry.get     'accept-ranges': 'bytes',
148 silly registry.get     via: '1.1 varnish',
148 silly registry.get     age: '32',
148 silly registry.get     'x-served-by': 'cache-ams4143-AMS',
148 silly registry.get     'x-cache': 'HIT',
148 silly registry.get     'x-cache-hits': '1',
148 silly registry.get     'x-timer': 'S1423343885.772830,VS0,VE2',
148 silly registry.get     vary: 'Accept',
148 silly registry.get     'keep-alive': 'timeout=10, max=50',
148 silly registry.get     connection: 'Keep-Alive' } ]
149 silly addNameRange number 2 { name: 'express', range: '>=4.11.2-0 <5.0.0-0', hasData: true }
150 silly addNameRange versions [ 'express',
150 silly addNameRange   [ '0.14.0',
150 silly addNameRange     '0.14.1',
150 silly addNameRange     '1.0.0',
150 silly addNameRange     '1.0.1',
150 silly addNameRange     '1.0.2',
150 silly addNameRange     '1.0.3',
150 silly addNameRange     '1.0.4',
150 silly addNameRange     '1.0.5',
150 silly addNameRange     '1.0.6',
150 silly addNameRange     '1.0.7',
150 silly addNameRange     '1.0.8',
150 silly addNameRange     '2.0.0',
150 silly addNameRange     '2.1.0',
150 silly addNameRange     '2.1.1',
150 silly addNameRange     '2.2.0',
150 silly addNameRange     '2.2.1',
150 silly addNameRange     '2.2.2',
150 silly addNameRange     '2.3.0',
150 silly addNameRange     '2.3.1',
150 silly addNameRange     '2.3.2',
150 silly addNameRange     '2.3.3',
150 silly addNameRange     '2.3.4',
150 silly addNameRange     '2.3.5',
150 silly addNameRange     '2.3.6',
150 silly addNameRange     '2.3.7',
150 silly addNameRange     '2.3.8',
150 silly addNameRange     '2.3.9',
150 silly addNameRange     '2.3.10',
150 silly addNameRange     '2.3.11',
150 silly addNameRange     '2.3.12',
150 silly addNameRange     '2.4.0',
150 silly addNameRange     '2.4.1',
150 silly addNameRange     '2.4.2',
150 silly addNameRange     '2.4.3',
150 silly addNameRange     '2.4.4',
150 silly addNameRange     '2.4.5',
150 silly addNameRange     '2.4.6',
150 silly addNameRange     '2.4.7',
150 silly addNameRange     '2.5.0',
150 silly addNameRange     '2.5.1',
150 silly addNameRange     '2.5.2',
150 silly addNameRange     '2.5.3',
150 silly addNameRange     '2.5.4',
150 silly addNameRange     '2.5.5',
150 silly addNameRange     '2.5.6',
150 silly addNameRange     '2.5.7',
150 silly addNameRange     '2.5.8',
150 silly addNameRange     '2.5.9',
150 silly addNameRange     '2.5.10',
150 silly addNameRange     '2.5.11',
150 silly addNameRange     '3.0.0',
150 silly addNameRange     '3.0.1',
150 silly addNameRange     '3.0.2',
150 silly addNameRange     '3.0.3',
150 silly addNameRange     '3.0.4',
150 silly addNameRange     '3.0.5',
150 silly addNameRange     '3.0.6',
150 silly addNameRange     '3.1.0',
150 silly addNameRange     '3.1.1',
150 silly addNameRange     '3.1.2',
150 silly addNameRange     '3.2.0',
150 silly addNameRange     '3.2.1',
150 silly addNameRange     '3.2.2',
150 silly addNameRange     '3.2.3',
150 silly addNameRange     '3.2.4',
150 silly addNameRange     '3.2.5',
150 silly addNameRange     '3.2.6',
150 silly addNameRange     '3.3.0',
150 silly addNameRange     '3.3.1',
150 silly addNameRange     '3.3.2',
150 silly addNameRange     '3.3.3',
150 silly addNameRange     '3.3.4',
150 silly addNameRange     '3.3.5',
150 silly addNameRange     '3.3.6',
150 silly addNameRange     '1.0.0-beta',
150 silly addNameRange     '1.0.0-beta2',
150 silly addNameRange     '1.0.0-rc',
150 silly addNameRange     '1.0.0-rc2',
150 silly addNameRange     '1.0.0-rc3',
150 silly addNameRange     '1.0.0-rc4',
150 silly addNameRange     '2.0.0-beta',
150 silly addNameRange     '2.0.0-beta2',
150 silly addNameRange     '2.0.0-beta3',
150 silly addNameRange     '2.0.0-rc',
150 silly addNameRange     '2.0.0-rc2',
150 silly addNameRange     '2.0.0-rc3',
150 silly addNameRange     '3.0.0-alpha1',
150 silly addNameRange     '3.0.0-alpha2',
150 silly addNameRange     '3.0.0-alpha3',
150 silly addNameRange     '3.0.0-alpha4',
150 silly addNameRange     '3.0.0-alpha5',
150 silly addNameRange     '3.0.0-beta1',
150 silly addNameRange     '3.0.0-beta2',
150 silly addNameRange     '3.0.0-beta3',
150 silly addNameRange     '3.0.0-beta4',
150 silly addNameRange     '3.0.0-beta6',
150 silly addNameRange     '3.0.0-beta7',
150 silly addNameRange     '3.0.0-rc1',
150 silly addNameRange     '3.0.0-rc2',
150 silly addNameRange     '3.0.0-rc3',
150 silly addNameRange     '3.0.0-rc4',
150 silly addNameRange     '3.0.0-rc5',
150 silly addNameRange     '3.3.7',
150 silly addNameRange     '3.3.8',
150 silly addNameRange     '3.4.0',
150 silly addNameRange     '3.4.1',
150 silly addNameRange     '3.4.2',
150 silly addNameRange     '3.4.3',
150 silly addNameRange     '3.4.4',
150 silly addNameRange     '3.4.5',
150 silly addNameRange     '3.4.6',
150 silly addNameRange     '3.4.7',
150 silly addNameRange     '3.4.8',
150 silly addNameRange     '4.0.0-rc1',
150 silly addNameRange     '4.0.0-rc2',
150 silly addNameRange     '3.5.0',
150 silly addNameRange     '4.0.0-rc3',
150 silly addNameRange     '4.0.0-rc4',
150 silly addNameRange     '3.5.1',
150 silly addNameRange     '4.0.0',
150 silly addNameRange     '3.5.2',
150 silly addNameRange     '4.1.0',
150 silly addNameRange     '4.1.1',
150 silly addNameRange     '3.5.3',
150 silly addNameRange     '4.1.2',
150 silly addNameRange     '3.6.0',
150 silly addNameRange     '4.2.0',
150 silly addNameRange     '3.7.0',
150 silly addNameRange     '3.8.0',
150 silly addNameRange     '4.3.0',
150 silly addNameRange     '4.3.1',
150 silly addNameRange     '3.8.1',
150 silly addNameRange     '4.3.2',
150 silly addNameRange     '3.9.0',
150 silly addNameRange     '4.4.0',
150 silly addNameRange     '4.4.1',
150 silly addNameRange     '3.10.0',
150 silly addNameRange     '3.10.1',
150 silly addNameRange     '3.10.2',
150 silly addNameRange     '3.10.3',
150 silly addNameRange     '3.10.4',
150 silly addNameRange     '4.4.2',
150 silly addNameRange     '3.10.5',
150 silly addNameRange     '4.4.3',
150 silly addNameRange     '3.11.0',
150 silly addNameRange     '4.4.4',
150 silly addNameRange     '3.12.0',
150 silly addNameRange     '3.12.1',
150 silly addNameRange     '4.4.5',
150 silly addNameRange     '3.13.0',
150 silly addNameRange     '4.5.0',
150 silly addNameRange     '4.5.1',
150 silly addNameRange     '3.14.0',
150 silly addNameRange     '4.6.0',
150 silly addNameRange     '4.6.1',
150 silly addNameRange     '3.15.0',
150 silly addNameRange     '4.7.0',
150 silly addNameRange     '3.15.1',
150 silly addNameRange     '4.7.1',
150 silly addNameRange     '3.15.2',
150 silly addNameRange     '4.7.2',
150 silly addNameRange     '4.7.3',
150 silly addNameRange     '3.15.3',
150 silly addNameRange     '4.7.4',
150 silly addNameRange     '3.16.0',
150 silly addNameRange     '4.8.0',
150 silly addNameRange     '3.16.1',
150 silly addNameRange     '4.8.1',
150 silly addNameRange     '3.16.2',
150 silly addNameRange     '4.8.2',
150 silly addNameRange     '3.16.3',
150 silly addNameRange     '3.16.4',
150 silly addNameRange     '4.8.3',
150 silly addNameRange     '3.16.5',
150 silly addNameRange     '3.16.6',
150 silly addNameRange     '4.8.4',
150 silly addNameRange     '3.16.7',
150 silly addNameRange     '4.8.5',
150 silly addNameRange     '3.16.8',
150 silly addNameRange     '4.8.6',
150 silly addNameRange     '3.16.9',
150 silly addNameRange     '4.8.7',
150 silly addNameRange     '3.16.10',
150 silly addNameRange     '4.8.8',
150 silly addNameRange     '3.17.0',
150 silly addNameRange     '3.17.1',
150 silly addNameRange     '4.9.0',
150 silly addNameRange     '3.17.2',
150 silly addNameRange     '4.9.1',
150 silly addNameRange     '4.9.2',
150 silly addNameRange     '3.17.3',
150 silly addNameRange     '4.9.3',
150 silly addNameRange     '3.17.4',
150 silly addNameRange     '4.9.4',
150 silly addNameRange     '3.17.5',
150 silly addNameRange     '4.9.5',
150 silly addNameRange     '3.17.6',
150 silly addNameRange     '3.17.7',
150 silly addNameRange     '4.9.6',
150 silly addNameRange     '4.9.7',
150 silly addNameRange     '3.17.8',
150 silly addNameRange     '4.9.8',
150 silly addNameRange     '3.18.0',
150 silly addNameRange     '3.18.1',
150 silly addNameRange     '4.10.0',
150 silly addNameRange     '3.18.2',
150 silly addNameRange     '4.10.1',
150 silly addNameRange     '5.0.0-alpha.1',
150 silly addNameRange     '3.18.3',
150 silly addNameRange     '4.10.2',
150 silly addNameRange     '3.18.4',
150 silly addNameRange     '4.10.3',
150 silly addNameRange     '4.10.4',
150 silly addNameRange     '4.10.5',
150 silly addNameRange     '3.18.5',
150 silly addNameRange     '3.18.6',
150 silly addNameRange     '4.10.6',
150 silly addNameRange     '4.10.7',
150 silly addNameRange     '3.19.0',
150 silly addNameRange     '4.10.8',
150 silly addNameRange     '4.11.0',
150 silly addNameRange     '3.19.1',
150 silly addNameRange     '4.11.1',
150 silly addNameRange     '3.19.2',
150 silly addNameRange     '4.11.2' ] ]
151 verbose addNamed [ 'express', '4.11.2' ]
152 verbose addNamed [ '4.11.2', '4.11.2' ]
153 silly lockFile 69e74cc8-express-4-11-2 express@4.11.2
154 verbose lock express@4.11.2 /home/claudiu/.npm/69e74cc8-express-4-11-2.lock
155 silly lockFile 69e74cc8-express-4-11-2 express@4.11.2
156 silly lockFile 69e74cc8-express-4-11-2 express@4.11.2
157 silly lockFile dbea87e7-express-4-11-2 express@^4.11.2
158 silly lockFile dbea87e7-express-4-11-2 express@^4.11.2
159 http 200 https://registry.npmjs.org/socket.io/-/socket.io-1.3.3.tgz
160 silly lockFile 6533713e-rg-socket-io-socket-io-1-3-3-tgz https://registry.npmjs.org/socket.io/-/socket.io-1.3.3.tgz
161 silly lockFile 6533713e-rg-socket-io-socket-io-1-3-3-tgz https://registry.npmjs.org/socket.io/-/socket.io-1.3.3.tgz
162 silly lockFile f25d1c30-socket-io-1-3-3 socket.io@1.3.3
163 silly lockFile f25d1c30-socket-io-1-3-3 socket.io@1.3.3
164 silly lockFile 16246c1d-socket-io-1-3-3 socket.io@^1.3.3
165 silly lockFile 16246c1d-socket-io-1-3-3 socket.io@^1.3.3
166 http 200 https://registry.npmjs.org/mongoose
167 silly registry.get cb [ 200,
167 silly registry.get   { date: 'Sat, 07 Feb 2015 21:18:06 GMT',
167 silly registry.get     server: 'CouchDB/1.5.0 (Erlang OTP/R16B03)',
167 silly registry.get     etag: '"9YJE3YLHAY7ZR324HLBGJZ2TU"',
167 silly registry.get     'content-type': 'application/json',
167 silly registry.get     'cache-control': 'max-age=60',
167 silly registry.get     'content-length': '294359',
167 silly registry.get     'accept-ranges': 'bytes',
167 silly registry.get     via: '1.1 varnish',
167 silly registry.get     age: '0',
167 silly registry.get     'x-served-by': 'cache-ams4132-AMS',
167 silly registry.get     'x-cache': 'HIT',
167 silly registry.get     'x-cache-hits': '1',
167 silly registry.get     'x-timer': 'S1423343885.774469,VS0,VE404',
167 silly registry.get     vary: 'Accept',
167 silly registry.get     'keep-alive': 'timeout=10, max=50',
167 silly registry.get     connection: 'Keep-Alive' } ]
168 silly addNameRange number 2 { name: 'mongoose', range: '>=3.8.23-0 <4.0.0-0', hasData: true }
169 silly addNameRange versions [ 'mongoose',
169 silly addNameRange   [ '0.0.1',
169 silly addNameRange     '0.0.2',
169 silly addNameRange     '0.0.3',
169 silly addNameRange     '0.0.4',
169 silly addNameRange     '0.0.5',
169 silly addNameRange     '1.0.0',
169 silly addNameRange     '1.0.1',
169 silly addNameRange     '1.0.2',
169 silly addNameRange     '0.0.6',
169 silly addNameRange     '1.0.3',
169 silly addNameRange     '1.0.4',
169 silly addNameRange     '1.0.5',
169 silly addNameRange     '1.0.6',
169 silly addNameRange     '1.0.7',
169 silly addNameRange     '1.0.8',
169 silly addNameRange     '1.0.10',
169 silly addNameRange     '1.0.11',
169 silly addNameRange     '1.0.12',
169 silly addNameRange     '1.0.13',
169 silly addNameRange     '1.0.14',
169 silly addNameRange     '1.0.15',
169 silly addNameRange     '1.0.16',
169 silly addNameRange     '1.1.0',
169 silly addNameRange     '1.1.1',
169 silly addNameRange     '1.1.2',
169 silly addNameRange     '1.1.3',
169 silly addNameRange     '1.1.4',
169 silly addNameRange     '1.1.5',
169 silly addNameRange     '1.1.6',
169 silly addNameRange     '1.1.7',
169 silly addNameRange     '1.1.8',
169 silly addNameRange     '1.1.9',
169 silly addNameRange     '1.1.10',
169 silly addNameRange     '1.1.11',
169 silly addNameRange     '1.1.12',
169 silly addNameRange     '1.1.13',
169 silly addNameRange     '1.1.14',
169 silly addNameRange     '1.1.15',
169 silly addNameRange     '1.1.16',
169 silly addNameRange     '1.1.17',
169 silly addNameRange     '1.1.18',
169 silly addNameRange     '1.1.19',
169 silly addNameRange     '1.1.20',
169 silly addNameRange     '1.1.21',
169 silly addNameRange     '1.1.22',
169 silly addNameRange     '1.1.23',
169 silly addNameRange     '1.1.24',
169 silly addNameRange     '1.1.25',
169 silly addNameRange     '1.2.0',
169 silly addNameRange     '1.3.0',
169 silly addNameRange     '1.3.1',
169 silly addNameRange     '1.3.2',
169 silly addNameRange     '1.3.3',
169 silly addNameRange     '1.3.4',
169 silly addNameRange     '1.3.5',
169 silly addNameRange     '1.3.6',
169 silly addNameRange     '1.3.7',
169 silly addNameRange     '1.4.0',
169 silly addNameRange     '1.5.0',
169 silly addNameRange     '1.6.0',
169 silly addNameRange     '1.7.2',
169 silly addNameRange     '1.7.3',
169 silly addNameRange     '1.7.4',
169 silly addNameRange     '1.8.0',
169 silly addNameRange     '1.8.1',
169 silly addNameRange     '1.8.2',
169 silly addNameRange     '1.8.3',
169 silly addNameRange     '1.8.4',
169 silly addNameRange     '2.0.0',
169 silly addNameRange     '2.0.1',
169 silly addNameRange     '2.0.2',
169 silly addNameRange     '2.0.3',
169 silly addNameRange     '2.0.4',
169 silly addNameRange     '2.1.0',
169 silly addNameRange     '2.1.1',
169 silly addNameRange     '2.1.2',
169 silly addNameRange     '2.1.3',
169 silly addNameRange     '2.1.4',
169 silly addNameRange     '2.2.0',
169 silly addNameRange     '2.2.1',
169 silly addNameRange     '2.2.2',
169 silly addNameRange     '2.2.3',
169 silly addNameRange     '2.2.4',
169 silly addNameRange     '2.3.0',
169 silly addNameRange     '2.3.1',
169 silly addNameRange     '2.3.2',
169 silly addNameRange     '2.3.3',
169 silly addNameRange     '2.3.4',
169 silly addNameRange     '2.3.5',
169 silly addNameRange     '2.3.6',
169 silly addNameRange     '2.3.7',
169 silly addNameRange     '2.3.8',
169 silly addNameRange     '2.3.9',
169 silly addNameRange     '2.3.10',
169 silly addNameRange     '2.3.11',
169 silly addNameRange     '2.3.12',
169 silly addNameRange     '2.3.13',
169 silly addNameRange     '2.4.0',
169 silly addNameRange     '2.4.1',
169 silly addNameRange     '2.4.2',
169 silly addNameRange     '2.4.3',
169 silly addNameRange     '2.4.4',
169 silly addNameRange     '2.4.5',
169 silly addNameRange     '2.4.6',
169 silly addNameRange     '2.4.7',
169 silly addNameRange     '2.4.8',
169 silly addNameRange     '2.4.9',
169 silly addNameRange     '2.4.10',
169 silly addNameRange     '2.5.0',
169 silly addNameRange     '2.5.1',
169 silly addNameRange     '2.5.2',
169 silly addNameRange     '2.5.3',
169 silly addNameRange     '2.5.4',
169 silly addNameRange     '2.5.5',
169 silly addNameRange     '2.5.6',
169 silly addNameRange     '2.5.7',
169 silly addNameRange     '2.5.8',
169 silly addNameRange     '2.5.9',
169 silly addNameRange     '2.5.10',
169 silly addNameRange     '2.5.11',
169 silly addNameRange     '2.5.12',
169 silly addNameRange     '2.5.13',
169 silly addNameRange     '2.5.14',
169 silly addNameRange     '2.6.0',
169 silly addNameRange     '2.6.1',
169 silly addNameRange     '2.6.2',
169 silly addNameRange     '2.6.3',
169 silly addNameRange     '2.6.4',
169 silly addNameRange     '2.6.5',
169 silly addNameRange     '2.6.6',
169 silly addNameRange     '2.6.7',
169 silly addNameRange     '2.6.8',
169 silly addNameRange     '2.7.0',
169 silly addNameRange     '2.7.1',
169 silly addNameRange     '2.7.2',
169 silly addNameRange     '2.7.4',
169 silly addNameRange     '2.7.3',
169 silly addNameRange     '3.0.0',
169 silly addNameRange     '3.0.1',
169 silly addNameRange     '3.0.2',
169 silly addNameRange     '2.8.0',
169 silly addNameRange     '3.0.3',
169 silly addNameRange     '3.1.0',
169 silly addNameRange     '2.8.1',
169 silly addNameRange     '3.1.1',
169 silly addNameRange     '2.8.2',
169 silly addNameRange     '2.8.3',
169 silly addNameRange     '2.9.0',
169 silly addNameRange     '3.2.0',
169 silly addNameRange     '2.9.1',
169 silly addNameRange     '3.2.1',
169 silly addNameRange     '2.9.2',
169 silly addNameRange     '3.2.2',
169 silly addNameRange     '3.3.0',
169 silly addNameRange     '3.3.1',
169 silly addNameRange     '2.9.3',
169 silly addNameRange     '3.4.0',
169 silly addNameRange     '2.9.4',
169 silly addNameRange     '2.9.5',
169 silly addNameRange     '3.5.0',
169 silly addNameRange     '3.5.1',
169 silly addNameRange     '3.5.2',
169 silly addNameRange     '3.5.3',
169 silly addNameRange     '2.9.6',
169 silly addNameRange     '2.9.7',
169 silly addNameRange     '3.5.4',
169 silly addNameRange     '3.5.5',
169 silly addNameRange     '2.9.8',
169 silly addNameRange     '2.9.9',
169 silly addNameRange     '3.5.6',
169 silly addNameRange     '3.5.7',
169 silly addNameRange     '3.5.8',
169 silly addNameRange     '2.9.10',
169 silly addNameRange     '3.5.9',
169 silly addNameRange     '3.6.2',
169 silly addNameRange     '3.5.10',
169 silly addNameRange     '3.6.3',
169 silly addNameRange     '3.5.11',
169 silly addNameRange     '3.6.4',
169 silly addNameRange     '3.6.5',
169 silly addNameRange     '3.6.6',
169 silly addNameRange     '3.6.7',
169 silly addNameRange     '3.5.12',
169 silly addNameRange     '3.6.8',
169 silly addNameRange     '3.6.9',
169 silly addNameRange     '3.6.10',
169 silly addNameRange     '3.5.13',
169 silly addNameRange     '3.5.14',
169 silly addNameRange     '3.6.11',
169 silly addNameRange     '3.6.12',
169 silly addNameRange     '3.6.13',
169 silly addNameRange     '3.6.14',
169 silly addNameRange     '3.6.15',
169 silly addNameRange     '3.5.15',
169 silly addNameRange     '3.7.0',
169 silly addNameRange     '3.6.16',
169 silly addNameRange     '3.5.16',
169 silly addNameRange     '3.6.17',
169 silly addNameRange     '3.7.2',
169 silly addNameRange     '3.0.0-alpha1',
169 silly addNameRange     '3.0.0-alpha2',
169 silly addNameRange     '3.0.0-rc0',
169 silly addNameRange     '3.6.0-rc0',
169 silly addNameRange     '3.6.0-rc1',
169 silly addNameRange     '3.6.18',
169 silly addNameRange     '3.7.3',
169 silly addNameRange     '3.6.19',
169 silly addNameRange     '3.6.20',
169 silly addNameRange     '3.7.4',
169 silly addNameRange     '3.8.0',
169 silly addNameRange     '3.8.1',
169 silly addNameRange     '3.8.2',
169 silly addNameRange     '3.8.3',
169 silly addNameRange     '3.8.4',
169 silly addNameRange     '3.8.5',
169 silly addNameRange     '3.8.6',
169 silly addNameRange     '3.8.7',
169 silly addNameRange     '3.8.8',
169 silly addNameRange     '3.8.9',
169 silly addNameRange     '3.8.10',
169 silly addNameRange     '3.8.11',
169 silly addNameRange     '3.9.0',
169 silly addNameRange     '3.8.12',
169 silly addNameRange     '3.8.13',
169 silly addNameRange     '3.8.14',
169 silly addNameRange     '3.8.15',
169 silly addNameRange     '3.9.1',
169 silly addNameRange     '3.8.16',
169 silly addNameRange     '3.9.2',
169 silly addNameRange     '3.8.17',
169 silly addNameRange     '3.9.3',
169 silly addNameRange     '3.8.18',
169 silly addNameRange     '3.9.4',
169 silly addNameRange     '3.8.19',
169 silly addNameRange     '3.9.5',
169 silly addNameRange     '3.8.20',
169 silly addNameRange     '3.9.6',
169 silly addNameRange     '3.8.21',
169 silly addNameRange     '3.9.7',
169 silly addNameRange     '3.8.22',
169 silly addNameRange     '4.0.0-rc0',
169 silly addNameRange     '4.0.0-rc1',
169 silly addNameRange     '3.8.23' ] ]
170 verbose addNamed [ 'mongoose', '3.8.23' ]
171 verbose addNamed [ '3.8.23', '3.8.23' ]
172 silly lockFile 938c12eb-mongoose-3-8-23 mongoose@3.8.23
173 verbose lock mongoose@3.8.23 /home/claudiu/.npm/938c12eb-mongoose-3-8-23.lock
174 silly lockFile 3793a4e1-org-mongoose-mongoose-3-8-23-tgz https://registry.npmjs.org/mongoose/-/mongoose-3.8.23.tgz
175 verbose lock https://registry.npmjs.org/mongoose/-/mongoose-3.8.23.tgz /home/claudiu/.npm/3793a4e1-org-mongoose-mongoose-3-8-23-tgz.lock
176 verbose addRemoteTarball [ 'https://registry.npmjs.org/mongoose/-/mongoose-3.8.23.tgz',
176 verbose addRemoteTarball   'c2dbee69d9d3776006330165f6e2681174c2ce6b' ]
177 info retry fetch attempt 1 at 21:18:06
178 verbose fetch to= /tmp/npm-8094-iOpBjjd4/registry.npmjs.org/mongoose/-/mongoose-3.8.23.tgz
179 http GET https://registry.npmjs.org/mongoose/-/mongoose-3.8.23.tgz
180 http 200 https://registry.npmjs.org/mongoose/-/mongoose-3.8.23.tgz
181 silly lockFile 3793a4e1-org-mongoose-mongoose-3-8-23-tgz https://registry.npmjs.org/mongoose/-/mongoose-3.8.23.tgz
182 silly lockFile 3793a4e1-org-mongoose-mongoose-3-8-23-tgz https://registry.npmjs.org/mongoose/-/mongoose-3.8.23.tgz
183 silly lockFile 938c12eb-mongoose-3-8-23 mongoose@3.8.23
184 silly lockFile 938c12eb-mongoose-3-8-23 mongoose@3.8.23
185 silly lockFile 74467816-mongoose-3-8-23 mongoose@^3.8.23
186 silly lockFile 74467816-mongoose-3-8-23 mongoose@^3.8.23
187 error Error: EACCES, mkdir '/home/claudiu/.npm/mongoose/3.8.23'
187 error  { [Error: EACCES, mkdir '/home/claudiu/.npm/mongoose/3.8.23']
187 error   errno: 3,
187 error   code: 'EACCES',
187 error   path: '/home/claudiu/.npm/mongoose/3.8.23',
187 error   parent: 'Server' }
188 error Please try running this command again as root/Administrator.
189 error System Linux 3.13.0-45-generic
190 error command "/usr/bin/node" "/usr/bin/npm" "install"
191 error cwd /home/claudiu/workspace/EFHackathon/server
192 error node -v v0.10.36
193 error npm -v 1.4.28
194 error path /home/claudiu/.npm/mongoose/3.8.23
195 error code EACCES
196 error errno 3
197 error stack Error: EACCES, mkdir '/home/claudiu/.npm/mongoose/3.8.23'
198 verbose exit [ 3, true ]
